# JRE version: OpenJDK Runtime Environment (8.0_151-b12) (build 1.8.0_151-8u151-b12-0ubuntu0.16.04.2-b12)
# Java VM: OpenJDK 64-Bit Server VM (25.151-b12 mixed mode linux-amd64 compressed oops)
Heap:
 garbage-first heap   total 262144K, used 143859K [0x00000000c0000000, 0x00000000c0100800, 0x0000000100000000)
  region size 1024K, 48 young (49152K), 12 survivors (12288K)
 Metaspace       used 126836K, capacity 139406K, committed 139604K, reserved 1169408K
  class space    used 15193K, capacity 19006K, committed 19068K, reserved 1048576K
GC Heap History (10 events):
Event: 65,000 GC heap before
{Heap before GC invocations=21 (full 0):
 garbage-first heap   total 262144K, used 206848K [0x00000000c0000000, 0x00000000c0100800, 0x0000000100000000)
  region size 1024K, 99 young (101376K), 11 survivors (11264K)
 Metaspace       used 122262K, capacity 134400K, committed 134484K, reserved 1165312K
  class space    used 14839K, capacity 18536K, committed 18556K, reserved 1048576K
Event: 65,012 GC heap after
Heap after GC invocations=22 (full 0):
 garbage-first heap   total 262144K, used 113664K [0x00000000c0000000, 0x00000000c0100800, 0x0000000100000000)
  region size 1024K, 8 young (8192K), 8 survivors (8192K)
 Metaspace       used 122262K, capacity 134400K, committed 134484K, reserved 1165312K
  class space    used 14839K, capacity 18536K, committed 18556K, reserved 1048576K
}
Event: 65,188 GC heap before
{Heap before GC invocations=22 (full 0):
 garbage-first heap   total 262144K, used 117760K [0x00000000c0000000, 0x00000000c0100800, 0x0000000100000000)
  region size 1024K, 12 young (12288K), 8 survivors (8192K)
 Metaspace       used 122275K, capacity 134414K, committed 134484K, reserved 1165312K
  class space    used 14841K, capacity 18541K, committed 18556K, reserved 1048576K
Event: 65,218 GC heap after
Heap after GC invocations=23 (full 0):
 garbage-first heap   total 262144K, used 97779K [0x00000000c0000000, 0x00000000c0100800, 0x0000000100000000)
  region size 1024K, 2 young (2048K), 2 survivors (2048K)
 Metaspace       used 122275K, capacity 134414K, committed 134484K, reserved 1165312K
  class space    used 14841K, capacity 18541K, committed 18556K, reserved 1048576K
}
Event: 69,379 GC heap before
{Heap before GC invocations=23 (full 0):
 garbage-first heap   total 262144K, used 224755K [0x00000000c0000000, 0x00000000c0100800, 0x0000000100000000)
  region size 1024K, 126 young (129024K), 2 survivors (2048K)
 Metaspace       used 122884K, capacity 135054K, committed 135380K, reserved 1165312K
  class space    used 14860K, capacity 18605K, committed 18684K, reserved 1048576K
Event: 69,403 GC heap after
Heap after GC invocations=24 (full 0):
 garbage-first heap   total 262144K, used 103805K [0x00000000c0000000, 0x00000000c0100800, 0x0000000100000000)
  region size 1024K, 8 young (8192K), 8 survivors (8192K)
 Metaspace       used 122884K, capacity 135054K, committed 135380K, reserved 1165312K
  class space    used 14860K, capacity 18605K, committed 18684K, reserved 1048576K
}
Event: 74,616 GC heap before
{Heap before GC invocations=24 (full 0):
 garbage-first heap   total 262144K, used 225661K [0x00000000c0000000, 0x00000000c0100800, 0x0000000100000000)
  region size 1024K, 127 young (130048K), 8 survivors (8192K)
 Metaspace       used 125107K, capacity 137390K, committed 137428K, reserved 1167360K
  class space    used 15077K, capacity 18904K, committed 18940K, reserved 1048576K
Event: 74,631 GC heap after
Heap after GC invocations=25 (full 0):
 garbage-first heap   total 262144K, used 106483K [0x00000000c0000000, 0x00000000c0100800, 0x0000000100000000)
  region size 1024K, 11 young (11264K), 11 survivors (11264K)
 Metaspace       used 125107K, capacity 137390K, committed 137428K, reserved 1167360K
  class space    used 15077K, capacity 18904K, committed 18940K, reserved 1048576K
}
Event: 76,072 GC heap before
{Heap before GC invocations=25 (full 0):
 garbage-first heap   total 262144K, used 223219K [0x00000000c0000000, 0x00000000c0100800, 0x0000000100000000)
  region size 1024K, 125 young (128000K), 11 survivors (11264K)
 Metaspace       used 126656K, capacity 139214K, committed 139348K, reserved 1169408K
  class space    used 15188K, capacity 19006K, committed 19068K, reserved 1048576K
Event: 76,095 GC heap after
Heap after GC invocations=26 (full 0):
 garbage-first heap   total 262144K, used 108019K [0x00000000c0000000, 0x00000000c0100800, 0x0000000100000000)
  region size 1024K, 12 young (12288K), 12 survivors (12288K)
 Metaspace       used 126656K, capacity 139214K, committed 139348K, reserved 1169408K
  class space    used 15188K, capacity 19006K, committed 19068K, reserved 1048576K
}

