<?xml version="1.0" encoding="UTF-8"?>
<!-- Generated by org.testng.reporters.JUnitXMLReporter -->
<testsuite hostname="asset1860" ignored="0" name="Surefire test" tests="1" failures="1" timestamp="05 Jan 2018 22:40:15 GMT" time="7.659" errors="0">
  <testcase name="feature" time="7.313" classname="cucumber.api.testng.AbstractTestNGCucumberTests">
    <failure type="cucumber.runtime.CucumberException" message="java.lang.NumberFormatException: For input string: &amp;quot;270,78&amp;quot;">
      <![CDATA[cucumber.runtime.CucumberException: java.lang.NumberFormatException: For input string: "270,78"at cucumber.api.testng.TestNGCucumberRunner.runCucumber(TestNGCucumberRunner.java:69)at cucumber.api.testng.AbstractTestNGCucumberTests.feature(AbstractTestNGCucumberTests.java:21)Caused by: java.lang.NumberFormatException: For input string: "270,78"at java.lang.NumberFormatException.forInputString(NumberFormatException.java:65)at java.lang.Integer.parseInt(Integer.java:580)at java.lang.Integer.parseInt(Integer.java:615)at test.pageObjects.SearchResults.getCheapest(SearchResults.java:68)at test.steps.Search.topmost_result_is(Search.java:74)at ✽.Then topmost result is: "Sailor Moon 7"(search.feature:7)... Removed 29 stack frames]]>
    </failure>
  </testcase> <!-- feature -->
</testsuite> <!-- Surefire test -->
