<?xml version="1.0" encoding="UTF-8"?>
<testng-results skipped="0" failed="0" ignored="0" total="1" passed="1">
  <reporter-output>
  </reporter-output>
  <suite name="Surefire suite" duration-ms="13532" started-at="2018-01-08T19:59:58Z" finished-at="2018-01-08T20:00:11Z">
    <groups>
      <group name="cucumber">
        <method signature="AbstractTestNGCucumberTests.feature(cucumber.api.testng.CucumberFeatureWrapper)[pri:0, instance:test.runner.RunCukesTest@7a79be86]" name="feature" class="cucumber.api.testng.AbstractTestNGCucumberTests"/>
      </group> <!-- cucumber -->
    </groups>
    <test name="Surefire test" duration-ms="13532" started-at="2018-01-08T19:59:58Z" finished-at="2018-01-08T20:00:11Z">
      <class name="test.runner.RunCukesTest">
        <test-method status="PASS" signature="setUpClass()[pri:0, instance:test.runner.RunCukesTest@7a79be86]" name="setUpClass" is-config="true" duration-ms="104" started-at="2018-01-08T16:59:58Z" finished-at="2018-01-08T16:59:58Z">
          <reporter-output>
          </reporter-output>
        </test-method> <!-- setUpClass -->
        <test-method status="PASS" signature="feature(cucumber.api.testng.CucumberFeatureWrapper)[pri:0, instance:test.runner.RunCukesTest@7a79be86]" name="feature" duration-ms="13368" started-at="2018-01-08T16:59:58Z" description="Runs Cucumber Feature" data-provider="features" finished-at="2018-01-08T17:00:11Z">
          <params>
            <param index="0">
              <value>
                <![CDATA[]]>
              </value>
            </param>
          </params>
          <reporter-output>
          </reporter-output>
        </test-method> <!-- feature -->
        <test-method status="PASS" signature="tearDownClass()[pri:0, instance:test.runner.RunCukesTest@7a79be86]" name="tearDownClass" is-config="true" duration-ms="3" started-at="2018-01-08T17:00:11Z" finished-at="2018-01-08T17:00:11Z">
          <reporter-output>
          </reporter-output>
        </test-method> <!-- tearDownClass -->
      </class> <!-- test.runner.RunCukesTest -->
    </test> <!-- Surefire test -->
  </suite> <!-- Surefire suite -->
</testng-results>
